[0.188s] DEBUG:colcon:Command line arguments: ['/usr/bin/colcon', 'build']
[0.188s] DEBUG:colcon:Parsed command line arguments: Namespace(allow_overriding=[], ament_cmake_args=None, base_paths=['.'], build_base='build', catkin_cmake_args=None, catkin_skip_building_tests=False, cmake_args=None, cmake_clean_cache=False, cmake_clean_first=False, cmake_force_configure=False, cmake_target=None, cmake_target_skip_unavailable=False, continue_on_error=False, event_handlers=None, executor='parallel', ignore_user_meta=False, install_base='install', log_base=None, log_level=None, main=<bound method BuildVerb.main of <colcon_core.verb.build.BuildVerb object at 0x7f569564a160>>, merge_install=False, metas=['./colcon.meta'], packages_above=None, packages_above_and_dependencies=None, packages_above_depth=None, packages_end=None, packages_ignore=None, packages_ignore_regex=None, packages_select=None, packages_select_build_failed=False, packages_select_by_dep=None, packages_select_regex=None, packages_select_test_failures=False, packages_skip=None, packages_skip_build_finished=False, packages_skip_by_dep=None, packages_skip_regex=None, packages_skip_test_passed=False, packages_skip_up_to=None, packages_start=None, packages_up_to=None, packages_up_to_regex=None, parallel_workers=1, paths=None, symlink_install=False, test_result_base=None, verb_extension=<colcon_core.verb.build.BuildVerb object at 0x7f569564a160>, verb_name='build', verb_parser=<colcon_defaults.argument_parser.defaults.DefaultArgumentsDecorator object at 0x7f569564a6a0>)
[0.223s] Level 1:colcon.colcon_core.package_discovery:discover_packages(colcon_meta) check parameters
[0.223s] Level 1:colcon.colcon_core.package_discovery:discover_packages(recursive) check parameters
[0.223s] Level 1:colcon.colcon_core.package_discovery:discover_packages(ignore) check parameters
[0.223s] Level 1:colcon.colcon_core.package_discovery:discover_packages(path) check parameters
[0.223s] Level 1:colcon.colcon_core.package_discovery:discover_packages(colcon_meta) discover
[0.223s] Level 1:colcon.colcon_core.package_discovery:discover_packages(recursive) discover
[0.223s] INFO:colcon.colcon_core.package_discovery:Crawling recursively for packages in '/home/user/dev_ws'
[0.224s] Level 1:colcon.colcon_core.package_identification:_identify(.) by extensions ['ignore', 'ignore_ament_install']
[0.224s] Level 1:colcon.colcon_core.package_identification:_identify(.) by extension 'ignore'
[0.224s] Level 1:colcon.colcon_core.package_identification:_identify(.) by extension 'ignore_ament_install'
[0.224s] Level 1:colcon.colcon_core.package_identification:_identify(.) by extensions ['colcon_pkg']
[0.224s] Level 1:colcon.colcon_core.package_identification:_identify(.) by extension 'colcon_pkg'
[0.224s] Level 1:colcon.colcon_core.package_identification:_identify(.) by extensions ['colcon_meta']
[0.224s] Level 1:colcon.colcon_core.package_identification:_identify(.) by extension 'colcon_meta'
[0.224s] Level 1:colcon.colcon_core.package_identification:_identify(.) by extensions ['ros']
[0.224s] Level 1:colcon.colcon_core.package_identification:_identify(.) by extension 'ros'
[0.240s] Level 1:colcon.colcon_core.package_identification:_identify(.) by extensions ['cmake', 'python']
[0.241s] Level 1:colcon.colcon_core.package_identification:_identify(.) by extension 'cmake'
[0.241s] Level 1:colcon.colcon_core.package_identification:_identify(.) by extension 'python'
[0.241s] Level 1:colcon.colcon_core.package_identification:_identify(.) by extensions ['python_setup_py']
[0.241s] Level 1:colcon.colcon_core.package_identification:_identify(.) by extension 'python_setup_py'
[0.241s] Level 1:colcon.colcon_core.package_identification:_identify(build) by extensions ['ignore', 'ignore_ament_install']
[0.241s] Level 1:colcon.colcon_core.package_identification:_identify(build) by extension 'ignore'
[0.241s] Level 1:colcon.colcon_core.package_identification:_identify(build) ignored
[0.242s] Level 1:colcon.colcon_core.package_identification:_identify(install) by extensions ['ignore', 'ignore_ament_install']
[0.242s] Level 1:colcon.colcon_core.package_identification:_identify(install) by extension 'ignore'
[0.242s] Level 1:colcon.colcon_core.package_identification:_identify(install) ignored
[0.242s] Level 1:colcon.colcon_core.package_identification:_identify(log) by extensions ['ignore', 'ignore_ament_install']
[0.242s] Level 1:colcon.colcon_core.package_identification:_identify(log) by extension 'ignore'
[0.242s] Level 1:colcon.colcon_core.package_identification:_identify(log) ignored
[0.242s] Level 1:colcon.colcon_core.package_identification:_identify(src) by extensions ['ignore', 'ignore_ament_install']
[0.243s] Level 1:colcon.colcon_core.package_identification:_identify(src) by extension 'ignore'
[0.243s] Level 1:colcon.colcon_core.package_identification:_identify(src) by extension 'ignore_ament_install'
[0.243s] Level 1:colcon.colcon_core.package_identification:_identify(src) by extensions ['colcon_pkg']
[0.243s] Level 1:colcon.colcon_core.package_identification:_identify(src) by extension 'colcon_pkg'
[0.243s] Level 1:colcon.colcon_core.package_identification:_identify(src) by extensions ['colcon_meta']
[0.243s] Level 1:colcon.colcon_core.package_identification:_identify(src) by extension 'colcon_meta'
[0.243s] Level 1:colcon.colcon_core.package_identification:_identify(src) by extensions ['ros']
[0.243s] Level 1:colcon.colcon_core.package_identification:_identify(src) by extension 'ros'
[0.243s] Level 1:colcon.colcon_core.package_identification:_identify(src) by extensions ['cmake', 'python']
[0.243s] Level 1:colcon.colcon_core.package_identification:_identify(src) by extension 'cmake'
[0.246s] Level 1:colcon.colcon_core.package_identification:_identify(src) by extension 'python'
[0.246s] Level 1:colcon.colcon_core.package_identification:_identify(src) by extensions ['python_setup_py']
[0.246s] Level 1:colcon.colcon_core.package_identification:_identify(src) by extension 'python_setup_py'
[0.246s] Level 1:colcon.colcon_core.package_identification:_identify(src/learning_tf2_py) by extensions ['ignore', 'ignore_ament_install']
[0.246s] Level 1:colcon.colcon_core.package_identification:_identify(src/learning_tf2_py) by extension 'ignore'
[0.246s] Level 1:colcon.colcon_core.package_identification:_identify(src/learning_tf2_py) by extension 'ignore_ament_install'
[0.246s] Level 1:colcon.colcon_core.package_identification:_identify(src/learning_tf2_py) by extensions ['colcon_pkg']
[0.247s] Level 1:colcon.colcon_core.package_identification:_identify(src/learning_tf2_py) by extension 'colcon_pkg'
[0.247s] Level 1:colcon.colcon_core.package_identification:_identify(src/learning_tf2_py) by extensions ['colcon_meta']
[0.247s] Level 1:colcon.colcon_core.package_identification:_identify(src/learning_tf2_py) by extension 'colcon_meta'
[0.247s] Level 1:colcon.colcon_core.package_identification:_identify(src/learning_tf2_py) by extensions ['ros']
[0.247s] Level 1:colcon.colcon_core.package_identification:_identify(src/learning_tf2_py) by extension 'ros'
[0.250s] DEBUG:colcon.colcon_core.package_identification:Package 'src/learning_tf2_py' with type 'ros.ament_python' and name 'learning_tf2_py'
[0.250s] Level 1:colcon.colcon_core.package_discovery:discover_packages(recursive) using defaults
[0.250s] Level 1:colcon.colcon_core.package_discovery:discover_packages(ignore) discover
[0.250s] Level 1:colcon.colcon_core.package_discovery:discover_packages(ignore) using defaults
[0.250s] Level 1:colcon.colcon_core.package_discovery:discover_packages(path) discover
[0.250s] Level 1:colcon.colcon_core.package_discovery:discover_packages(path) using defaults
[0.276s] Level 1:colcon.colcon_core.package_discovery:discover_packages(prefix_path) check parameters
[0.278s] Level 1:colcon.colcon_core.package_discovery:discover_packages(prefix_path) discover
[0.280s] DEBUG:colcon.colcon_installed_package_information.package_discovery:Found 1 installed packages in /home/user/dev_ws/install
[0.282s] DEBUG:colcon.colcon_installed_package_information.package_discovery:Found 258 installed packages in /opt/ros/foxy
[0.284s] Level 1:colcon.colcon_core.package_discovery:discover_packages(prefix_path) using defaults
[0.408s] Level 5:colcon.colcon_core.verb:set package 'learning_tf2_py' build argument 'cmake_args' from command line to 'None'
[0.408s] Level 5:colcon.colcon_core.verb:set package 'learning_tf2_py' build argument 'cmake_target' from command line to 'None'
[0.408s] Level 5:colcon.colcon_core.verb:set package 'learning_tf2_py' build argument 'cmake_target_skip_unavailable' from command line to 'False'
[0.408s] Level 5:colcon.colcon_core.verb:set package 'learning_tf2_py' build argument 'cmake_clean_cache' from command line to 'False'
[0.408s] Level 5:colcon.colcon_core.verb:set package 'learning_tf2_py' build argument 'cmake_clean_first' from command line to 'False'
[0.408s] Level 5:colcon.colcon_core.verb:set package 'learning_tf2_py' build argument 'cmake_force_configure' from command line to 'False'
[0.408s] Level 5:colcon.colcon_core.verb:set package 'learning_tf2_py' build argument 'ament_cmake_args' from command line to 'None'
[0.408s] Level 5:colcon.colcon_core.verb:set package 'learning_tf2_py' build argument 'catkin_cmake_args' from command line to 'None'
[0.408s] Level 5:colcon.colcon_core.verb:set package 'learning_tf2_py' build argument 'catkin_skip_building_tests' from command line to 'False'
[0.409s] DEBUG:colcon.colcon_core.verb:Building package 'learning_tf2_py' with the following arguments: {'ament_cmake_args': None, 'build_base': '/home/user/dev_ws/build/learning_tf2_py', 'catkin_cmake_args': None, 'catkin_skip_building_tests': False, 'cmake_args': None, 'cmake_clean_cache': False, 'cmake_clean_first': False, 'cmake_force_configure': False, 'cmake_target': None, 'cmake_target_skip_unavailable': False, 'install_base': '/home/user/dev_ws/install/learning_tf2_py', 'merge_install': False, 'path': '/home/user/dev_ws/src/learning_tf2_py', 'symlink_install': False, 'test_result_base': None}
[0.410s] INFO:colcon.colcon_core.executor:Executing jobs using 'parallel' executor
[0.413s] DEBUG:colcon.colcon_parallel_executor.executor.parallel:run_until_complete
[0.413s] INFO:colcon.colcon_ros.task.ament_python.build:Building ROS package in '/home/user/dev_ws/src/learning_tf2_py' with build type 'ament_python'
[0.413s] Level 1:colcon.colcon_core.shell:create_environment_hook('learning_tf2_py', 'ament_prefix_path')
[0.421s] INFO:colcon.colcon_core.plugin_system:Skipping extension 'colcon_core.shell.bat': Not used on non-Windows systems
[0.422s] INFO:colcon.colcon_core.shell:Creating environment hook '/home/user/dev_ws/install/learning_tf2_py/share/learning_tf2_py/hook/ament_prefix_path.ps1'
[0.424s] INFO:colcon.colcon_core.shell:Creating environment descriptor '/home/user/dev_ws/install/learning_tf2_py/share/learning_tf2_py/hook/ament_prefix_path.dsv'
[0.426s] INFO:colcon.colcon_core.shell:Creating environment hook '/home/user/dev_ws/install/learning_tf2_py/share/learning_tf2_py/hook/ament_prefix_path.sh'
[0.428s] INFO:colcon.colcon_core.shell:Skip shell extension 'powershell' for command environment: Not usable outside of PowerShell
[0.428s] DEBUG:colcon.colcon_core.shell:Skip shell extension 'dsv' for command environment
[0.987s] INFO:colcon.colcon_core.task.python.build:Building Python package in '/home/user/dev_ws/src/learning_tf2_py'
[0.988s] INFO:colcon.colcon_core.shell:Skip shell extension 'powershell' for command environment: Not usable outside of PowerShell
[0.988s] DEBUG:colcon.colcon_core.shell:Skip shell extension 'dsv' for command environment
[1.636s] DEBUG:colcon.colcon_core.event_handler.log_command:Invoking command in '/home/user/dev_ws/src/learning_tf2_py': PYTHONPATH=/home/user/dev_ws/install/learning_tf2_py/lib/python3.8/site-packages:${PYTHONPATH} /usr/bin/python3 setup.py egg_info --egg-base ../../build/learning_tf2_py build --build-base /home/user/dev_ws/build/learning_tf2_py/build install --prefix /home/user/dev_ws/install/learning_tf2_py --record /home/user/dev_ws/build/learning_tf2_py/install.log --single-version-externally-managed
[2.108s] Level 1:colcon.colcon_core.environment:checking '/home/user/dev_ws/install/learning_tf2_py' for CMake module files
[2.110s] DEBUG:colcon.colcon_core.event_handler.log_command:Invoked command in '/home/user/dev_ws/src/learning_tf2_py' returned '0': PYTHONPATH=/home/user/dev_ws/install/learning_tf2_py/lib/python3.8/site-packages:${PYTHONPATH} /usr/bin/python3 setup.py egg_info --egg-base ../../build/learning_tf2_py build --build-base /home/user/dev_ws/build/learning_tf2_py/build install --prefix /home/user/dev_ws/install/learning_tf2_py --record /home/user/dev_ws/build/learning_tf2_py/install.log --single-version-externally-managed
[2.117s] Level 1:colcon.colcon_core.environment:checking '/home/user/dev_ws/install/learning_tf2_py' for CMake config files
[2.118s] Level 1:colcon.colcon_core.environment:checking '/home/user/dev_ws/install/learning_tf2_py/lib'
[2.118s] Level 1:colcon.colcon_core.environment:checking '/home/user/dev_ws/install/learning_tf2_py/bin'
[2.118s] Level 1:colcon.colcon_core.environment:checking '/home/user/dev_ws/install/learning_tf2_py/lib/pkgconfig/learning_tf2_py.pc'
[2.119s] Level 1:colcon.colcon_core.environment:checking '/home/user/dev_ws/install/learning_tf2_py/lib/python3.8/site-packages'
[2.119s] Level 1:colcon.colcon_core.shell:create_environment_hook('learning_tf2_py', 'pythonpath')
[2.119s] INFO:colcon.colcon_core.shell:Creating environment hook '/home/user/dev_ws/install/learning_tf2_py/share/learning_tf2_py/hook/pythonpath.ps1'
[2.125s] INFO:colcon.colcon_core.shell:Creating environment descriptor '/home/user/dev_ws/install/learning_tf2_py/share/learning_tf2_py/hook/pythonpath.dsv'
[2.128s] INFO:colcon.colcon_core.shell:Creating environment hook '/home/user/dev_ws/install/learning_tf2_py/share/learning_tf2_py/hook/pythonpath.sh'
[2.131s] Level 1:colcon.colcon_core.environment:checking '/home/user/dev_ws/install/learning_tf2_py/bin'
[2.131s] Level 1:colcon.colcon_core.environment:create_environment_scripts_only(learning_tf2_py)
[2.132s] INFO:colcon.colcon_core.shell:Creating package script '/home/user/dev_ws/install/learning_tf2_py/share/learning_tf2_py/package.ps1'
[2.135s] INFO:colcon.colcon_core.shell:Creating package descriptor '/home/user/dev_ws/install/learning_tf2_py/share/learning_tf2_py/package.dsv'
[2.137s] INFO:colcon.colcon_core.shell:Creating package script '/home/user/dev_ws/install/learning_tf2_py/share/learning_tf2_py/package.sh'
[2.139s] INFO:colcon.colcon_core.shell:Creating package script '/home/user/dev_ws/install/learning_tf2_py/share/learning_tf2_py/package.bash'
[2.141s] INFO:colcon.colcon_core.shell:Creating package script '/home/user/dev_ws/install/learning_tf2_py/share/learning_tf2_py/package.zsh'
[2.143s] Level 1:colcon.colcon_core.environment:create_file_with_runtime_dependencies(/home/user/dev_ws/install/learning_tf2_py/share/colcon-core/packages/learning_tf2_py)
[2.146s] DEBUG:colcon.colcon_parallel_executor.executor.parallel:closing loop
[2.146s] DEBUG:colcon.colcon_parallel_executor.executor.parallel:loop closed
[2.146s] DEBUG:colcon.colcon_parallel_executor.executor.parallel:run_until_complete finished with '0'
[2.147s] DEBUG:colcon.colcon_core.event_reactor:joining thread
[2.153s] INFO:colcon.colcon_core.plugin_system:Skipping extension 'colcon_notification.desktop_notification.notify_send': Could not find 'notify-send'
[2.153s] INFO:colcon.colcon_core.plugin_system:Skipping extension 'colcon_notification.desktop_notification.terminal_notifier': Not used on non-Darwin systems
[2.153s] INFO:colcon.colcon_core.plugin_system:Skipping extension 'colcon_notification.desktop_notification.win32': Not used on non-Windows systems
[2.154s] INFO:colcon.colcon_notification.desktop_notification:Sending desktop notification using 'notify2'
[2.165s] DEBUG:colcon.colcon_core.event_reactor:joined thread
[2.166s] INFO:colcon.colcon_core.shell:Creating prefix script '/home/user/dev_ws/install/local_setup.ps1'
[2.179s] INFO:colcon.colcon_core.shell:Creating prefix util module '/home/user/dev_ws/install/_local_setup_util_ps1.py'
[2.190s] INFO:colcon.colcon_core.shell:Creating prefix chain script '/home/user/dev_ws/install/setup.ps1'
[2.196s] INFO:colcon.colcon_core.shell:Creating prefix script '/home/user/dev_ws/install/local_setup.sh'
[2.198s] INFO:colcon.colcon_core.shell:Creating prefix util module '/home/user/dev_ws/install/_local_setup_util_sh.py'
[2.201s] INFO:colcon.colcon_core.shell:Creating prefix chain script '/home/user/dev_ws/install/setup.sh'
[2.205s] INFO:colcon.colcon_core.shell:Creating prefix script '/home/user/dev_ws/install/local_setup.bash'
[2.209s] INFO:colcon.colcon_core.shell:Creating prefix chain script '/home/user/dev_ws/install/setup.bash'
[2.212s] INFO:colcon.colcon_core.shell:Creating prefix script '/home/user/dev_ws/install/local_setup.zsh'
[2.214s] INFO:colcon.colcon_core.shell:Creating prefix chain script '/home/user/dev_ws/install/setup.zsh'
