[0.804s] Invoking command in '/home/user/dev_ws/src/learning_tf2_py': PYTHONPATH=/home/user/dev_ws/install/learning_tf2_py/lib/python3.8/site-packages:${PYTHONPATH} /usr/bin/python3 setup.py egg_info --egg-base ../../build/learning_tf2_py build --build-base /home/user/dev_ws/build/learning_tf2_py/build install --prefix /home/user/dev_ws/install/learning_tf2_py --record /home/user/dev_ws/build/learning_tf2_py/install.log --single-version-externally-managed
[1.422s] running egg_info
[1.428s] writing ../../build/learning_tf2_py/learning_tf2_py.egg-info/PKG-INFO
[1.431s] writing dependency_links to ../../build/learning_tf2_py/learning_tf2_py.egg-info/dependency_links.txt
[1.432s] writing entry points to ../../build/learning_tf2_py/learning_tf2_py.egg-info/entry_points.txt
[1.438s] writing requirements to ../../build/learning_tf2_py/learning_tf2_py.egg-info/requires.txt
[1.440s] writing top-level names to ../../build/learning_tf2_py/learning_tf2_py.egg-info/top_level.txt
[1.540s] reading manifest file '../../build/learning_tf2_py/learning_tf2_py.egg-info/SOURCES.txt'
[1.542s] writing manifest file '../../build/learning_tf2_py/learning_tf2_py.egg-info/SOURCES.txt'
[1.548s] running build
[1.549s] running build_py
[1.556s] copying learning_tf2_py/turtle_tf2_listener.py -> /home/user/dev_ws/build/learning_tf2_py/build/lib/learning_tf2_py
[1.557s] running install
[1.559s] running install_lib
[1.560s] copying /home/user/dev_ws/build/learning_tf2_py/build/lib/learning_tf2_py/turtle_tf2_listener.py -> /home/user/dev_ws/install/learning_tf2_py/lib/python3.8/site-packages/learning_tf2_py
[1.562s] byte-compiling /home/user/dev_ws/install/learning_tf2_py/lib/python3.8/site-packages/learning_tf2_py/turtle_tf2_listener.py to turtle_tf2_listener.cpython-38.pyc
[1.570s] running install_data
[1.571s] running install_egg_info
[1.578s] removing '/home/user/dev_ws/install/learning_tf2_py/lib/python3.8/site-packages/learning_tf2_py-0.0.0-py3.8.egg-info' (and everything under it)
[1.579s] Copying ../../build/learning_tf2_py/learning_tf2_py.egg-info to /home/user/dev_ws/install/learning_tf2_py/lib/python3.8/site-packages/learning_tf2_py-0.0.0-py3.8.egg-info
[1.583s] running install_scripts
[1.636s] Installing turtle_tf2_broadcaster script to /home/user/dev_ws/install/learning_tf2_py/lib/learning_tf2_py
[1.637s] Installing turtle_tf2_listener script to /home/user/dev_ws/install/learning_tf2_py/lib/learning_tf2_py
[1.642s] writing list of installed files to '/home/user/dev_ws/build/learning_tf2_py/install.log'
[1.745s] Invoked command in '/home/user/dev_ws/src/learning_tf2_py' returned '0': PYTHONPATH=/home/user/dev_ws/install/learning_tf2_py/lib/python3.8/site-packages:${PYTHONPATH} /usr/bin/python3 setup.py egg_info --egg-base ../../build/learning_tf2_py build --build-base /home/user/dev_ws/build/learning_tf2_py/build install --prefix /home/user/dev_ws/install/learning_tf2_py --record /home/user/dev_ws/build/learning_tf2_py/install.log --single-version-externally-managed
