[0.364s] DEBUG:colcon:Command line arguments: ['/usr/bin/colcon', 'build']
[0.364s] DEBUG:colcon:Parsed command line arguments: Namespace(allow_overriding=[], ament_cmake_args=None, base_paths=['.'], build_base='build', catkin_cmake_args=None, catkin_skip_building_tests=False, cmake_args=None, cmake_clean_cache=False, cmake_clean_first=False, cmake_force_configure=False, cmake_target=None, cmake_target_skip_unavailable=False, continue_on_error=False, event_handlers=None, executor='parallel', ignore_user_meta=False, install_base='install', log_base=None, log_level=None, main=<bound method BuildVerb.main of <colcon_core.verb.build.BuildVerb object at 0x7ff59fae4040>>, merge_install=False, metas=['./colcon.meta'], packages_above=None, packages_above_and_dependencies=None, packages_above_depth=None, packages_end=None, packages_ignore=None, packages_ignore_regex=None, packages_select=None, packages_select_build_failed=False, packages_select_by_dep=None, packages_select_regex=None, packages_select_test_failures=False, packages_skip=None, packages_skip_build_finished=False, packages_skip_by_dep=None, packages_skip_regex=None, packages_skip_test_passed=False, packages_skip_up_to=None, packages_start=None, packages_up_to=None, packages_up_to_regex=None, parallel_workers=1, paths=None, symlink_install=False, test_result_base=None, verb_extension=<colcon_core.verb.build.BuildVerb object at 0x7ff59fae4040>, verb_name='build', verb_parser=<colcon_defaults.argument_parser.defaults.DefaultArgumentsDecorator object at 0x7ff59fae45b0>)
[0.431s] Level 1:colcon.colcon_core.package_discovery:discover_packages(colcon_meta) check parameters
[0.431s] Level 1:colcon.colcon_core.package_discovery:discover_packages(recursive) check parameters
[0.431s] Level 1:colcon.colcon_core.package_discovery:discover_packages(ignore) check parameters
[0.431s] Level 1:colcon.colcon_core.package_discovery:discover_packages(path) check parameters
[0.431s] Level 1:colcon.colcon_core.package_discovery:discover_packages(colcon_meta) discover
[0.431s] Level 1:colcon.colcon_core.package_discovery:discover_packages(recursive) discover
[0.431s] INFO:colcon.colcon_core.package_discovery:Crawling recursively for packages in '/home/user/dev_ws'
[0.432s] Level 1:colcon.colcon_core.package_identification:_identify(.) by extensions ['ignore', 'ignore_ament_install']
[0.432s] Level 1:colcon.colcon_core.package_identification:_identify(.) by extension 'ignore'
[0.432s] Level 1:colcon.colcon_core.package_identification:_identify(.) by extension 'ignore_ament_install'
[0.432s] Level 1:colcon.colcon_core.package_identification:_identify(.) by extensions ['colcon_pkg']
[0.432s] Level 1:colcon.colcon_core.package_identification:_identify(.) by extension 'colcon_pkg'
[0.432s] Level 1:colcon.colcon_core.package_identification:_identify(.) by extensions ['colcon_meta']
[0.432s] Level 1:colcon.colcon_core.package_identification:_identify(.) by extension 'colcon_meta'
[0.432s] Level 1:colcon.colcon_core.package_identification:_identify(.) by extensions ['ros']
[0.432s] Level 1:colcon.colcon_core.package_identification:_identify(.) by extension 'ros'
[0.512s] Level 1:colcon.colcon_core.package_identification:_identify(.) by extensions ['cmake', 'python']
[0.513s] Level 1:colcon.colcon_core.package_identification:_identify(.) by extension 'cmake'
[0.513s] Level 1:colcon.colcon_core.package_identification:_identify(.) by extension 'python'
[0.513s] Level 1:colcon.colcon_core.package_identification:_identify(.) by extensions ['python_setup_py']
[0.513s] Level 1:colcon.colcon_core.package_identification:_identify(.) by extension 'python_setup_py'
[0.513s] Level 1:colcon.colcon_core.package_identification:_identify(build) by extensions ['ignore', 'ignore_ament_install']
[0.513s] Level 1:colcon.colcon_core.package_identification:_identify(build) by extension 'ignore'
[0.513s] Level 1:colcon.colcon_core.package_identification:_identify(build) ignored
[0.514s] Level 1:colcon.colcon_core.package_identification:_identify(install) by extensions ['ignore', 'ignore_ament_install']
[0.514s] Level 1:colcon.colcon_core.package_identification:_identify(install) by extension 'ignore'
[0.514s] Level 1:colcon.colcon_core.package_identification:_identify(install) ignored
[0.514s] Level 1:colcon.colcon_core.package_identification:_identify(log) by extensions ['ignore', 'ignore_ament_install']
[0.514s] Level 1:colcon.colcon_core.package_identification:_identify(log) by extension 'ignore'
[0.514s] Level 1:colcon.colcon_core.package_identification:_identify(log) ignored
[0.514s] Level 1:colcon.colcon_core.package_identification:_identify(src) by extensions ['ignore', 'ignore_ament_install']
[0.514s] Level 1:colcon.colcon_core.package_identification:_identify(src) by extension 'ignore'
[0.515s] Level 1:colcon.colcon_core.package_identification:_identify(src) by extension 'ignore_ament_install'
[0.515s] Level 1:colcon.colcon_core.package_identification:_identify(src) by extensions ['colcon_pkg']
[0.515s] Level 1:colcon.colcon_core.package_identification:_identify(src) by extension 'colcon_pkg'
[0.515s] Level 1:colcon.colcon_core.package_identification:_identify(src) by extensions ['colcon_meta']
[0.515s] Level 1:colcon.colcon_core.package_identification:_identify(src) by extension 'colcon_meta'
[0.515s] Level 1:colcon.colcon_core.package_identification:_identify(src) by extensions ['ros']
[0.515s] Level 1:colcon.colcon_core.package_identification:_identify(src) by extension 'ros'
[0.515s] Level 1:colcon.colcon_core.package_identification:_identify(src) by extensions ['cmake', 'python']
[0.515s] Level 1:colcon.colcon_core.package_identification:_identify(src) by extension 'cmake'
[0.515s] Level 1:colcon.colcon_core.package_identification:_identify(src) by extension 'python'
[0.515s] Level 1:colcon.colcon_core.package_identification:_identify(src) by extensions ['python_setup_py']
[0.516s] Level 1:colcon.colcon_core.package_identification:_identify(src) by extension 'python_setup_py'
[0.516s] Level 1:colcon.colcon_core.package_identification:_identify(src/learning_tf2_py) by extensions ['ignore', 'ignore_ament_install']
[0.516s] Level 1:colcon.colcon_core.package_identification:_identify(src/learning_tf2_py) by extension 'ignore'
[0.516s] Level 1:colcon.colcon_core.package_identification:_identify(src/learning_tf2_py) by extension 'ignore_ament_install'
[0.516s] Level 1:colcon.colcon_core.package_identification:_identify(src/learning_tf2_py) by extensions ['colcon_pkg']
[0.516s] Level 1:colcon.colcon_core.package_identification:_identify(src/learning_tf2_py) by extension 'colcon_pkg'
[0.516s] Level 1:colcon.colcon_core.package_identification:_identify(src/learning_tf2_py) by extensions ['colcon_meta']
[0.516s] Level 1:colcon.colcon_core.package_identification:_identify(src/learning_tf2_py) by extension 'colcon_meta'
[0.516s] Level 1:colcon.colcon_core.package_identification:_identify(src/learning_tf2_py) by extensions ['ros']
[0.516s] Level 1:colcon.colcon_core.package_identification:_identify(src/learning_tf2_py) by extension 'ros'
[0.519s] DEBUG:colcon.colcon_core.package_identification:Package 'src/learning_tf2_py' with type 'ros.ament_python' and name 'learning_tf2_py'
[0.523s] Level 1:colcon.colcon_core.package_discovery:discover_packages(recursive) using defaults
[0.523s] Level 1:colcon.colcon_core.package_discovery:discover_packages(ignore) discover
[0.523s] Level 1:colcon.colcon_core.package_discovery:discover_packages(ignore) using defaults
[0.523s] Level 1:colcon.colcon_core.package_discovery:discover_packages(path) discover
[0.523s] Level 1:colcon.colcon_core.package_discovery:discover_packages(path) using defaults
[0.572s] Level 1:colcon.colcon_core.package_discovery:discover_packages(prefix_path) check parameters
[0.587s] Level 1:colcon.colcon_core.package_discovery:discover_packages(prefix_path) discover
[0.590s] DEBUG:colcon.colcon_installed_package_information.package_discovery:Found 1 installed packages in /home/user/dev_ws/install
[0.592s] DEBUG:colcon.colcon_installed_package_information.package_discovery:Found 258 installed packages in /opt/ros/foxy
[0.594s] Level 1:colcon.colcon_core.package_discovery:discover_packages(prefix_path) using defaults
[0.828s] Level 5:colcon.colcon_core.verb:set package 'learning_tf2_py' build argument 'cmake_args' from command line to 'None'
[0.828s] Level 5:colcon.colcon_core.verb:set package 'learning_tf2_py' build argument 'cmake_target' from command line to 'None'
[0.828s] Level 5:colcon.colcon_core.verb:set package 'learning_tf2_py' build argument 'cmake_target_skip_unavailable' from command line to 'False'
[0.829s] Level 5:colcon.colcon_core.verb:set package 'learning_tf2_py' build argument 'cmake_clean_cache' from command line to 'False'
[0.829s] Level 5:colcon.colcon_core.verb:set package 'learning_tf2_py' build argument 'cmake_clean_first' from command line to 'False'
[0.829s] Level 5:colcon.colcon_core.verb:set package 'learning_tf2_py' build argument 'cmake_force_configure' from command line to 'False'
[0.829s] Level 5:colcon.colcon_core.verb:set package 'learning_tf2_py' build argument 'ament_cmake_args' from command line to 'None'
[0.829s] Level 5:colcon.colcon_core.verb:set package 'learning_tf2_py' build argument 'catkin_cmake_args' from command line to 'None'
[0.829s] Level 5:colcon.colcon_core.verb:set package 'learning_tf2_py' build argument 'catkin_skip_building_tests' from command line to 'False'
[0.829s] DEBUG:colcon.colcon_core.verb:Building package 'learning_tf2_py' with the following arguments: {'ament_cmake_args': None, 'build_base': '/home/user/dev_ws/build/learning_tf2_py', 'catkin_cmake_args': None, 'catkin_skip_building_tests': False, 'cmake_args': None, 'cmake_clean_cache': False, 'cmake_clean_first': False, 'cmake_force_configure': False, 'cmake_target': None, 'cmake_target_skip_unavailable': False, 'install_base': '/home/user/dev_ws/install/learning_tf2_py', 'merge_install': False, 'path': '/home/user/dev_ws/src/learning_tf2_py', 'symlink_install': False, 'test_result_base': None}
[0.829s] INFO:colcon.colcon_core.executor:Executing jobs using 'parallel' executor
[0.832s] DEBUG:colcon.colcon_parallel_executor.executor.parallel:run_until_complete
[0.835s] INFO:colcon.colcon_ros.task.ament_python.build:Building ROS package in '/home/user/dev_ws/src/learning_tf2_py' with build type 'ament_python'
[0.835s] Level 1:colcon.colcon_core.shell:create_environment_hook('learning_tf2_py', 'ament_prefix_path')
[0.839s] INFO:colcon.colcon_core.plugin_system:Skipping extension 'colcon_core.shell.bat': Not used on non-Windows systems
[0.846s] INFO:colcon.colcon_core.shell:Creating environment hook '/home/user/dev_ws/install/learning_tf2_py/share/learning_tf2_py/hook/ament_prefix_path.ps1'
[0.859s] INFO:colcon.colcon_core.shell:Creating environment descriptor '/home/user/dev_ws/install/learning_tf2_py/share/learning_tf2_py/hook/ament_prefix_path.dsv'
[0.862s] INFO:colcon.colcon_core.shell:Creating environment hook '/home/user/dev_ws/install/learning_tf2_py/share/learning_tf2_py/hook/ament_prefix_path.sh'
[0.864s] INFO:colcon.colcon_core.shell:Skip shell extension 'powershell' for command environment: Not usable outside of PowerShell
[0.864s] DEBUG:colcon.colcon_core.shell:Skip shell extension 'dsv' for command environment
[1.868s] INFO:colcon.colcon_core.task.python.build:Building Python package in '/home/user/dev_ws/src/learning_tf2_py'
[1.869s] INFO:colcon.colcon_core.shell:Skip shell extension 'powershell' for command environment: Not usable outside of PowerShell
[1.869s] DEBUG:colcon.colcon_core.shell:Skip shell extension 'dsv' for command environment
[3.639s] DEBUG:colcon.colcon_core.event_handler.log_command:Invoking command in '/home/user/dev_ws/src/learning_tf2_py': PYTHONPATH=/home/user/dev_ws/install/learning_tf2_py/lib/python3.8/site-packages:${PYTHONPATH} /usr/bin/python3 setup.py egg_info --egg-base ../../build/learning_tf2_py build --build-base /home/user/dev_ws/build/learning_tf2_py/build install --prefix /home/user/dev_ws/install/learning_tf2_py --record /home/user/dev_ws/build/learning_tf2_py/install.log --single-version-externally-managed
[5.005s] Level 1:colcon.colcon_core.environment:checking '/home/user/dev_ws/install/learning_tf2_py' for CMake module files
[5.006s] Level 1:colcon.colcon_core.environment:checking '/home/user/dev_ws/install/learning_tf2_py' for CMake config files
[5.007s] Level 1:colcon.colcon_core.environment:checking '/home/user/dev_ws/install/learning_tf2_py/lib'
[5.007s] Level 1:colcon.colcon_core.environment:checking '/home/user/dev_ws/install/learning_tf2_py/bin'
[5.007s] Level 1:colcon.colcon_core.environment:checking '/home/user/dev_ws/install/learning_tf2_py/lib/pkgconfig/learning_tf2_py.pc'
[5.007s] Level 1:colcon.colcon_core.environment:checking '/home/user/dev_ws/install/learning_tf2_py/lib/python3.8/site-packages'
[5.007s] Level 1:colcon.colcon_core.shell:create_environment_hook('learning_tf2_py', 'pythonpath')
[5.008s] INFO:colcon.colcon_core.shell:Creating environment hook '/home/user/dev_ws/install/learning_tf2_py/share/learning_tf2_py/hook/pythonpath.ps1'
[5.032s] DEBUG:colcon.colcon_core.event_handler.log_command:Invoked command in '/home/user/dev_ws/src/learning_tf2_py' returned '0': PYTHONPATH=/home/user/dev_ws/install/learning_tf2_py/lib/python3.8/site-packages:${PYTHONPATH} /usr/bin/python3 setup.py egg_info --egg-base ../../build/learning_tf2_py build --build-base /home/user/dev_ws/build/learning_tf2_py/build install --prefix /home/user/dev_ws/install/learning_tf2_py --record /home/user/dev_ws/build/learning_tf2_py/install.log --single-version-externally-managed
[5.033s] INFO:colcon.colcon_core.shell:Creating environment descriptor '/home/user/dev_ws/install/learning_tf2_py/share/learning_tf2_py/hook/pythonpath.dsv'
[5.035s] INFO:colcon.colcon_core.shell:Creating environment hook '/home/user/dev_ws/install/learning_tf2_py/share/learning_tf2_py/hook/pythonpath.sh'
[5.055s] Level 1:colcon.colcon_core.environment:checking '/home/user/dev_ws/install/learning_tf2_py/bin'
[5.055s] Level 1:colcon.colcon_core.environment:create_environment_scripts_only(learning_tf2_py)
[5.056s] INFO:colcon.colcon_core.shell:Creating package script '/home/user/dev_ws/install/learning_tf2_py/share/learning_tf2_py/package.ps1'
[5.058s] INFO:colcon.colcon_core.shell:Creating package descriptor '/home/user/dev_ws/install/learning_tf2_py/share/learning_tf2_py/package.dsv'
[5.059s] INFO:colcon.colcon_core.shell:Creating package script '/home/user/dev_ws/install/learning_tf2_py/share/learning_tf2_py/package.sh'
[5.064s] INFO:colcon.colcon_core.shell:Creating package script '/home/user/dev_ws/install/learning_tf2_py/share/learning_tf2_py/package.bash'
[5.075s] INFO:colcon.colcon_core.shell:Creating package script '/home/user/dev_ws/install/learning_tf2_py/share/learning_tf2_py/package.zsh'
[5.086s] Level 1:colcon.colcon_core.environment:create_file_with_runtime_dependencies(/home/user/dev_ws/install/learning_tf2_py/share/colcon-core/packages/learning_tf2_py)
[5.089s] DEBUG:colcon.colcon_parallel_executor.executor.parallel:closing loop
[5.096s] DEBUG:colcon.colcon_parallel_executor.executor.parallel:loop closed
[5.096s] DEBUG:colcon.colcon_parallel_executor.executor.parallel:run_until_complete finished with '0'
[5.096s] DEBUG:colcon.colcon_core.event_reactor:joining thread
[5.152s] INFO:colcon.colcon_core.plugin_system:Skipping extension 'colcon_notification.desktop_notification.notify_send': Could not find 'notify-send'
[5.152s] INFO:colcon.colcon_core.plugin_system:Skipping extension 'colcon_notification.desktop_notification.terminal_notifier': Not used on non-Darwin systems
[5.152s] INFO:colcon.colcon_core.plugin_system:Skipping extension 'colcon_notification.desktop_notification.win32': Not used on non-Windows systems
[5.152s] INFO:colcon.colcon_notification.desktop_notification:Sending desktop notification using 'notify2'
[5.168s] DEBUG:colcon.colcon_core.event_reactor:joined thread
[5.169s] INFO:colcon.colcon_core.shell:Creating prefix script '/home/user/dev_ws/install/local_setup.ps1'
[5.177s] INFO:colcon.colcon_core.shell:Creating prefix util module '/home/user/dev_ws/install/_local_setup_util_ps1.py'
[5.197s] INFO:colcon.colcon_core.shell:Creating prefix chain script '/home/user/dev_ws/install/setup.ps1'
[5.203s] INFO:colcon.colcon_core.shell:Creating prefix script '/home/user/dev_ws/install/local_setup.sh'
[5.205s] INFO:colcon.colcon_core.shell:Creating prefix util module '/home/user/dev_ws/install/_local_setup_util_sh.py'
[5.213s] INFO:colcon.colcon_core.shell:Creating prefix chain script '/home/user/dev_ws/install/setup.sh'
[5.217s] INFO:colcon.colcon_core.shell:Creating prefix script '/home/user/dev_ws/install/local_setup.bash'
[5.225s] INFO:colcon.colcon_core.shell:Creating prefix chain script '/home/user/dev_ws/install/setup.bash'
[5.236s] INFO:colcon.colcon_core.shell:Creating prefix script '/home/user/dev_ws/install/local_setup.zsh'
[5.248s] INFO:colcon.colcon_core.shell:Creating prefix chain script '/home/user/dev_ws/install/setup.zsh'
