[0.443s] Invoking command in '/home/user/dev_ws/src/learning_tf2_py': PYTHONPATH=/home/user/dev_ws/install/learning_tf2_py/lib/python3.8/site-packages:${PYTHONPATH} /usr/bin/python3 setup.py egg_info --egg-base ../../build/learning_tf2_py build --build-base /home/user/dev_ws/build/learning_tf2_py/build install --prefix /home/user/dev_ws/install/learning_tf2_py --record /home/user/dev_ws/build/learning_tf2_py/install.log --single-version-externally-managed
[0.763s] running egg_info
[0.766s] creating ../../build/learning_tf2_py/learning_tf2_py.egg-info
[0.766s] writing ../../build/learning_tf2_py/learning_tf2_py.egg-info/PKG-INFO
[0.769s] writing dependency_links to ../../build/learning_tf2_py/learning_tf2_py.egg-info/dependency_links.txt
[0.769s] writing entry points to ../../build/learning_tf2_py/learning_tf2_py.egg-info/entry_points.txt
[0.770s] writing requirements to ../../build/learning_tf2_py/learning_tf2_py.egg-info/requires.txt
[0.770s] writing top-level names to ../../build/learning_tf2_py/learning_tf2_py.egg-info/top_level.txt
[0.782s] writing manifest file '../../build/learning_tf2_py/learning_tf2_py.egg-info/SOURCES.txt'
[0.904s] reading manifest file '../../build/learning_tf2_py/learning_tf2_py.egg-info/SOURCES.txt'
[0.906s] writing manifest file '../../build/learning_tf2_py/learning_tf2_py.egg-info/SOURCES.txt'
[0.913s] running build
[0.914s] running build_py
[0.914s] creating /home/user/dev_ws/build/learning_tf2_py/build
[0.915s] creating /home/user/dev_ws/build/learning_tf2_py/build/lib
[0.916s] creating /home/user/dev_ws/build/learning_tf2_py/build/lib/learning_tf2_py
[0.918s] copying learning_tf2_py/__init__.py -> /home/user/dev_ws/build/learning_tf2_py/build/lib/learning_tf2_py
[0.919s] copying learning_tf2_py/turtle_tf2_broadcaster.py -> /home/user/dev_ws/build/learning_tf2_py/build/lib/learning_tf2_py
[0.920s] running install
[0.930s] running install_lib
[0.936s] creating /home/user/dev_ws/install/learning_tf2_py/lib/python3.8/site-packages/learning_tf2_py
[0.939s] copying /home/user/dev_ws/build/learning_tf2_py/build/lib/learning_tf2_py/__init__.py -> /home/user/dev_ws/install/learning_tf2_py/lib/python3.8/site-packages/learning_tf2_py
[0.940s] copying /home/user/dev_ws/build/learning_tf2_py/build/lib/learning_tf2_py/turtle_tf2_broadcaster.py -> /home/user/dev_ws/install/learning_tf2_py/lib/python3.8/site-packages/learning_tf2_py
[0.943s] byte-compiling /home/user/dev_ws/install/learning_tf2_py/lib/python3.8/site-packages/learning_tf2_py/__init__.py to __init__.cpython-38.pyc
[0.947s] byte-compiling /home/user/dev_ws/install/learning_tf2_py/lib/python3.8/site-packages/learning_tf2_py/turtle_tf2_broadcaster.py to turtle_tf2_broadcaster.cpython-38.pyc
[0.949s] running install_data
[0.954s] creating /home/user/dev_ws/install/learning_tf2_py/share/ament_index
[0.955s] creating /home/user/dev_ws/install/learning_tf2_py/share/ament_index/resource_index
[0.956s] creating /home/user/dev_ws/install/learning_tf2_py/share/ament_index/resource_index/packages
[0.956s] copying resource/learning_tf2_py -> /home/user/dev_ws/install/learning_tf2_py/share/ament_index/resource_index/packages
[0.957s] copying package.xml -> /home/user/dev_ws/install/learning_tf2_py/share/learning_tf2_py
[0.958s] creating /home/user/dev_ws/install/learning_tf2_py/share/learning_tf2_py/launch
[0.958s] copying launch/turtle_tf2_demo.launch.py -> /home/user/dev_ws/install/learning_tf2_py/share/learning_tf2_py/launch
[0.959s] running install_egg_info
[0.971s] Copying ../../build/learning_tf2_py/learning_tf2_py.egg-info to /home/user/dev_ws/install/learning_tf2_py/lib/python3.8/site-packages/learning_tf2_py-0.0.0-py3.8.egg-info
[0.973s] running install_scripts
[1.015s] Installing turtle_tf2_broadcaster script to /home/user/dev_ws/install/learning_tf2_py/lib/learning_tf2_py
[1.016s] writing list of installed files to '/home/user/dev_ws/build/learning_tf2_py/install.log'
[1.052s] Invoked command in '/home/user/dev_ws/src/learning_tf2_py' returned '0': PYTHONPATH=/home/user/dev_ws/install/learning_tf2_py/lib/python3.8/site-packages:${PYTHONPATH} /usr/bin/python3 setup.py egg_info --egg-base ../../build/learning_tf2_py build --build-base /home/user/dev_ws/build/learning_tf2_py/build install --prefix /home/user/dev_ws/install/learning_tf2_py --record /home/user/dev_ws/build/learning_tf2_py/install.log --single-version-externally-managed
