[0.998s] Invoking command in '/home/user/dev_ws/src/learning_tf2_py': PYTHONPATH=/home/user/dev_ws/install/learning_tf2_py/lib/python3.8/site-packages:${PYTHONPATH} /usr/bin/python3 setup.py egg_info --egg-base ../../build/learning_tf2_py build --build-base /home/user/dev_ws/build/learning_tf2_py/build install --prefix /home/user/dev_ws/install/learning_tf2_py --record /home/user/dev_ws/build/learning_tf2_py/install.log --single-version-externally-managed
[1.610s] running egg_info
[1.620s] writing ../../build/learning_tf2_py/learning_tf2_py.egg-info/PKG-INFO
[1.624s] writing dependency_links to ../../build/learning_tf2_py/learning_tf2_py.egg-info/dependency_links.txt
[1.626s] writing entry points to ../../build/learning_tf2_py/learning_tf2_py.egg-info/entry_points.txt
[1.641s] writing requirements to ../../build/learning_tf2_py/learning_tf2_py.egg-info/requires.txt
[1.643s] writing top-level names to ../../build/learning_tf2_py/learning_tf2_py.egg-info/top_level.txt
[1.733s] reading manifest file '../../build/learning_tf2_py/learning_tf2_py.egg-info/SOURCES.txt'
[1.734s] writing manifest file '../../build/learning_tf2_py/learning_tf2_py.egg-info/SOURCES.txt'
[1.737s] running build
[1.738s] running build_py
[1.738s] copying learning_tf2_py/turtle_tf2_listener.py -> /home/user/dev_ws/build/learning_tf2_py/build/lib/learning_tf2_py
[1.749s] running install
[1.751s] running install_lib
[1.753s] copying /home/user/dev_ws/build/learning_tf2_py/build/lib/learning_tf2_py/turtle_tf2_listener.py -> /home/user/dev_ws/install/learning_tf2_py/lib/python3.8/site-packages/learning_tf2_py
[1.754s] byte-compiling /home/user/dev_ws/install/learning_tf2_py/lib/python3.8/site-packages/learning_tf2_py/turtle_tf2_listener.py to turtle_tf2_listener.cpython-38.pyc
[1.770s] running install_data
[1.772s] running install_egg_info
[1.774s] removing '/home/user/dev_ws/install/learning_tf2_py/lib/python3.8/site-packages/learning_tf2_py-0.0.0-py3.8.egg-info' (and everything under it)
[1.776s] Copying ../../build/learning_tf2_py/learning_tf2_py.egg-info to /home/user/dev_ws/install/learning_tf2_py/lib/python3.8/site-packages/learning_tf2_py-0.0.0-py3.8.egg-info
[1.778s] running install_scripts
[1.839s] Installing turtle_tf2_broadcaster script to /home/user/dev_ws/install/learning_tf2_py/lib/learning_tf2_py
[1.844s] Installing turtle_tf2_listener script to /home/user/dev_ws/install/learning_tf2_py/lib/learning_tf2_py
[1.845s] writing list of installed files to '/home/user/dev_ws/build/learning_tf2_py/install.log'
[1.932s] Invoked command in '/home/user/dev_ws/src/learning_tf2_py' returned '0': PYTHONPATH=/home/user/dev_ws/install/learning_tf2_py/lib/python3.8/site-packages:${PYTHONPATH} /usr/bin/python3 setup.py egg_info --egg-base ../../build/learning_tf2_py build --build-base /home/user/dev_ws/build/learning_tf2_py/build install --prefix /home/user/dev_ws/install/learning_tf2_py --record /home/user/dev_ws/build/learning_tf2_py/install.log --single-version-externally-managed
